number,value,datetime_start,datetime_complete,duration,params_bagging_fraction,params_bagging_freq,params_feature_fraction,params_learning_rate,params_min_child_samples,params_n_estimators,params_num_leaves,params_reg_alpha,params_reg_lambda,state
0,0.9417004573223142,2026-04-10 09:02:09.895479,2026-04-10 09:02:10.996796,0 days 00:00:01.101317,0.49359671220172163,1,0.4936111842654619,0.22648248189516842,120,800,230,0.6245760287469887,0.002570603566117596,COMPLETE
1,0.9428220956063731,2026-04-10 09:02:10.997164,2026-04-10 09:02:24.807045,0 days 00:00:13.809881,0.5090949803242604,2,0.5274034664069657,0.001124579825911934,170,1450,300,5.472429642032189e-06,0.00052821153945323,COMPLETE
2,0.9339687104729374,2026-04-10 09:02:24.807852,2026-04-10 09:02:56.100062,0 days 00:00:31.292210,0.6198171059762151,5,0.575286789121131,0.005265139631677754,30,900,190,0.11656915613247415,6.267062696005991e-07,COMPLETE
3,0.9447276800383875,2026-04-10 09:02:56.101368,2026-04-10 09:02:58.568390,0 days 00:00:02.467022,0.43903095579116774,10,0.502314474212375,0.029341527565000736,130,1100,30,4.905556676028766,0.1886149587855396,COMPLETE
4,0.9419789516366157,2026-04-10 09:02:58.568677,2026-04-10 09:03:03.928230,0 days 00:00:05.359553,0.6971061460667621,1,0.47322294090686734,0.0017456037635797405,90,650,210,1.5271567592511939,2.133142332373e-06,COMPLETE
5,0.9435958128150272,2026-04-10 09:03:03.928524,2026-04-10 09:03:19.364754,0 days 00:00:15.436230,0.9817507766587351,8,0.5109126733153162,0.005917607170144194,110,1350,170,2.8542399074977594,1.1309571585271492,COMPLETE
6,0.9412716831679251,2026-04-10 09:03:19.365577,2026-04-10 09:03:20.227291,0 days 00:00:00.861714,0.5951981984579586,4,0.4271363733463229,0.19212959255386386,40,1250,40,2.7678419414850017e-06,0.287499823474079,COMPLETE
7,0.9367741996500424,2026-04-10 09:03:20.227579,2026-04-10 09:03:35.952667,0 days 00:00:15.725088,0.44473038620786254,10,0.8813181884524238,0.0049648810171066555,30,750,170,0.08916674715636552,6.143857495033091e-07,COMPLETE
8,0.9402280101897259,2026-04-10 09:03:35.952980,2026-04-10 09:03:36.785768,0 days 00:00:00.832788,0.44442679104045424,4,0.8627622080115674,0.10471209213501693,150,100,220,1.1036250149900698e-07,0.5860448217200526,COMPLETE
9,0.9428872741402246,2026-04-10 09:03:36.786054,2026-04-10 09:03:45.863161,0 days 00:00:09.077107,0.8377637070028384,7,0.5951099932160483,0.006601984958164864,70,1300,30,0.9658611176861261,0.0001778010520878397,COMPLETE
10,0.9406315748343261,2026-04-10 09:03:45.863455,2026-04-10 09:03:48.529231,0 days 00:00:02.665776,0.8141482441414871,10,0.7114864019556889,0.04073819616959591,190,1900,90,0.0025074987853267315,0.008349484536843158,COMPLETE
11,0.9455992328851223,2026-04-10 09:03:48.529519,2026-04-10 09:03:54.119951,0 days 00:00:05.590432,0.9747857049445863,8,0.7021766181208007,0.02058712339938166,120,1750,110,8.287201934873071,9.710662705281724,COMPLETE
12,0.9402376896508824,2026-04-10 09:03:54.120246,2026-04-10 09:03:58.581821,0 days 00:00:04.461575,0.9525624712167782,8,0.7409746660271866,0.026123374183389562,140,1900,100,0.0030371268467802204,8.293752538812425,COMPLETE
13,0.9444343496311969,2026-04-10 09:03:58.583109,2026-04-10 09:04:00.756080,0 days 00:00:02.172971,0.7915093847851775,9,0.647441902153615,0.05484470775341641,90,1650,110,9.489354947729776,0.024800628752107357,COMPLETE
14,0.9406551020601936,2026-04-10 09:04:00.756364,2026-04-10 09:04:05.065013,0 days 00:00:04.308649,0.8977910670299907,7,0.9958579808598216,0.01613552085289253,140,400,70,0.015936847132187043,0.076293731915955,COMPLETE
15,0.9449234870753302,2026-04-10 09:04:05.065312,2026-04-10 09:04:09.253484,0 days 00:00:04.188172,0.7148967450430752,9,0.7842567150859746,0.021631834598042354,60,1650,130,9.733892177913486,6.299677920979932,COMPLETE
16,0.9363427885202636,2026-04-10 09:04:09.254313,2026-04-10 09:04:18.595059,0 days 00:00:09.340746,0.7182937001295728,6,0.7963595474970749,0.013255730115988953,60,1700,140,3.154443500139822e-05,1.314053143275926e-08,COMPLETE
17,0.9382531703926857,2026-04-10 09:04:18.595355,2026-04-10 09:04:31.547504,0 days 00:00:12.952149,0.9082789714673284,8,0.8138046551270606,0.012037479976522346,60,1600,130,2.1219899323605756e-08,9.719075157266074,COMPLETE
18,0.9342897805154132,2026-04-10 09:04:31.547800,2026-04-10 09:04:33.112380,0 days 00:00:01.564580,0.70087420925342,9,0.6581013940825866,0.08545439328440281,10,2000,70,0.00022163473160045685,3.524132416143815e-05,COMPLETE
19,0.9430254826689202,2026-04-10 09:04:33.112652,2026-04-10 09:04:50.367523,0 days 00:00:17.254871,0.5928426933510111,6,0.9389148411573505,0.0023804179487405654,90,1750,270,0.10250247779169537,1.9754817211229603,COMPLETE
20,0.9396512114530362,2026-04-10 09:04:50.369471,2026-04-10 09:04:59.459631,0 days 00:00:09.090160,0.8859500894682302,9,0.7682180312981074,0.009730419942732169,160,1500,130,0.008225723319543179,0.028214456422822446,COMPLETE
21,0.9451936989651866,2026-04-10 09:04:59.459913,2026-04-10 09:05:01.655918,0 days 00:00:02.196005,0.7648752792708908,10,0.6579847353498133,0.03233530890995076,120,1250,20,6.664638121907384,0.24901505396587242,COMPLETE
22,0.9456139590766732,2026-04-10 09:05:01.656198,2026-04-10 09:05:05.097472,0 days 00:00:03.441274,0.7718867183428229,9,0.6677484690709268,0.024050233082652347,110,1050,60,9.489175007246143,2.408777083666565,COMPLETE
23,0.9375939848105814,2026-04-10 09:05:05.097773,2026-04-10 09:05:07.045993,0 days 00:00:01.948220,0.7709725188808977,7,0.6618159730157259,0.07089678993442632,110,1200,60,0.21549895303348407,1.084858854083789,COMPLETE
24,0.9420498890835565,2026-04-10 09:05:07.046783,2026-04-10 09:05:08.879540,0 days 00:00:01.832757,0.6473516572077354,10,0.6057513413855059,0.04446343717177456,180,1000,20,0.3878966562999543,0.0985671973829378,COMPLETE
25,0.9415093906760528,2026-04-10 09:05:08.879855,2026-04-10 09:05:11.775036,0 days 00:00:02.895181,0.9997777182554021,8,0.6904758516907892,0.02943462802593226,120,550,50,0.04441977363027946,2.7215824228865433,COMPLETE
26,0.9390496995715893,2026-04-10 09:05:11.775320,2026-04-10 09:05:13.377623,0 days 00:00:01.602303,0.8499463000384876,9,0.7210083463403214,0.129838556915857,100,1100,80,1.3753610263051286,0.0050925963450674,COMPLETE
27,0.9459004604886745,2026-04-10 09:05:13.377912,2026-04-10 09:05:18.171551,0 days 00:00:04.793639,0.7528957143076709,10,0.6232931827415775,0.008521306006851168,130,950,110,9.268568703915875,0.619698672912845,COMPLETE
28,0.9439507847850216,2026-04-10 09:05:18.171835,2026-04-10 09:05:32.037786,0 days 00:00:13.865951,0.9408695718109572,7,0.5588908514251462,0.003004923024293588,150,900,100,0.0004892677800474457,0.03454002138141164,COMPLETE
29,0.9453975007445576,2026-04-10 09:05:32.038075,2026-04-10 09:05:34.481251,0 days 00:00:02.443176,0.5436648057779812,8,0.610493427358525,0.008399705195172595,130,300,150,0.48339848293388055,0.0025244715620066104,COMPLETE
